pis
platforma
duda
morawiecki
szydło
kaczyński
kwaśniewski
lewica
prawica
lgbt
unia+europejska
rosja
stany
premier
prezydent
opozycja
rząd
sejm
polska
putin
trump
ukraina
media
bank
polska
Traceback (most recent call last):
  File "get_urls_and_articles_onet.py", line 110, in <module>
    title = driver.find_element_by_class_name('mainTitle').text.strip()
  File "/home/jacek/anaconda3/envs/py36/lib/python3.6/site-packages/selenium/webdriver/remote/webdriver.py", line 564, in find_element_by_class_name
    return self.find_element(by=By.CLASS_NAME, value=name)
  File "/home/jacek/anaconda3/envs/py36/lib/python3.6/site-packages/selenium/webdriver/remote/webdriver.py", line 978, in find_element
    'value': value})['value']
  File "/home/jacek/anaconda3/envs/py36/lib/python3.6/site-packages/selenium/webdriver/remote/webdriver.py", line 321, in execute
    self.error_handler.check_response(response)
  File "/home/jacek/anaconda3/envs/py36/lib/python3.6/site-packages/selenium/webdriver/remote/errorhandler.py", line 242, in check_response
    raise exception_class(message, screen, stacktrace)
selenium.common.exceptions.WebDriverException: Message: chrome not reachable
  (Session info: headless chrome=79.0.3945.117)


During handling of the above exception, another exception occurred:

Traceback (most recent call last):
  File "get_urls_and_articles_onet.py", line 127, in <module>
    error_urls.append(driver.current_url)
  File "/home/jacek/anaconda3/envs/py36/lib/python3.6/site-packages/selenium/webdriver/remote/webdriver.py", line 669, in current_url
    return self.execute(Command.GET_CURRENT_URL)['value']
  File "/home/jacek/anaconda3/envs/py36/lib/python3.6/site-packages/selenium/webdriver/remote/webdriver.py", line 321, in execute
    self.error_handler.check_response(response)
  File "/home/jacek/anaconda3/envs/py36/lib/python3.6/site-packages/selenium/webdriver/remote/errorhandler.py", line 242, in check_response
    raise exception_class(message, screen, stacktrace)
selenium.common.exceptions.WebDriverException: Message: chrome not reachable
  (Session info: headless chrome=79.0.3945.117)

